z:\desktop\honors_thesis\imageanalysislab\imageanalysisenviro\x64\debug\vc120.pdb
z:\desktop\honors_thesis\imageanalysislab\imageanalysisenviro\x64\debug\vc120.idb
z:\desktop\honors_thesis\imageanalysislab\imageanalysisenviro\x64\debug\main.obj
\\mac\home\desktop\honors_thesis\imageanalysislab\imageanalysisenviro\x64\debug\vc120.pdb
\\mac\home\desktop\honors_thesis\imageanalysislab\imageanalysisenviro\x64\debug\vc120.idb
\\mac\home\desktop\honors_thesis\imageanalysislab\imageanalysisenviro\x64\debug\main.obj
z:\desktop\honors_thesis\imageanalysislab\imageanalysisenviro\x64\debug\imageanalysisenviro.ilk
z:\desktop\honors_thesis\imageanalysislab\imageanalysisenviro\x64\debug\imageanalysisenviro.exe
z:\desktop\honors_thesis\imageanalysislab\imageanalysisenviro\x64\debug\imageanalysisenviro.pdb
\\mac\home\desktop\honors_thesis\imageanalysislab\imageanalysisenviro\x64\debug\imageanalysisenviro.ilk
\\mac\home\desktop\honors_thesis\imageanalysislab\imageanalysisenviro\x64\debug\imageanalysisenviro.exe
\\mac\home\desktop\honors_thesis\imageanalysislab\imageanalysisenviro\x64\debug\imageanalysisenviro.pdb
c:\users\natsn\desktop\research\imageanalysislab\imageanalysisenviro\x64\debug\main.obj
c:\users\natsn\desktop\research\imageanalysislab\imageanalysisenviro\x64\debug\imageanalysisenviro.ilk
c:\users\natsn\desktop\research\imageanalysislab\imageanalysisenviro\x64\debug\vc120.idb
c:\users\natsn\desktop\research\imageanalysislab\imageanalysisenviro\x64\debug\imageanalysisenviro.pdb
c:\users\natsn\desktop\research\imageanalysislab\imageanalysisenviro\x64\debug\vc120.pdb
c:\users\natsn\desktop\research\imageanalysislab\imageanalysisenviro\x64\debug\imageanalysisenviro.exe
c:\users\natsn\desktop\research\imageanalysislab\imageanalysisenviro\x64\debug\imageana.8353486d.tlog\cl.command.1.tlog
c:\users\natsn\desktop\research\imageanalysislab\imageanalysisenviro\x64\debug\imageana.8353486d.tlog\cl.read.1.tlog
c:\users\natsn\desktop\research\imageanalysislab\imageanalysisenviro\x64\debug\imageana.8353486d.tlog\cl.write.1.tlog
c:\users\natsn\desktop\research\imageanalysislab\imageanalysisenviro\x64\debug\imageana.8353486d.tlog\link.command.1.tlog
c:\users\natsn\desktop\research\imageanalysislab\imageanalysisenviro\x64\debug\imageana.8353486d.tlog\link.read.1.tlog
c:\users\natsn\desktop\research\imageanalysislab\imageanalysisenviro\x64\debug\imageana.8353486d.tlog\link.write.1.tlog
